[38;5;112m[Appium][0m Welcome to Appium v2.13.1
[38;5;112m[Appium][0m Non-default server args:
[38;5;112m[Appium][0m { basePath: [32m'/wd/hub'[39m, loglevel: [32m'info'[39m, port: [33m60838[39m }
[38;5;112m[Appium][0m Attempting to load driver uiautomator2...
[38;5;112m[Appium][0m Appium REST http interface listener started on http://0.0.0.0:60838/wd/hub
[38;5;112m[Appium][0m You can provide the following URLs in your client code to connect to this server:
	http://192.168.255.118:60838/wd/hub
	http://127.0.0.1:60838/wd/hub (only accessible from the same host)
[38;5;112m[Appium][0m Available drivers:
[38;5;112m[Appium][0m   - uiautomator2@3.9.6 (automationName 'UiAutomator2')
[38;5;112m[Appium][0m No plugins have been installed. Use the "appium plugin" command to install the one(s) you want to use.
[38;5;86m[HTTP][0m [37m-->[39m [37mGET[39m [37m/wd/hub/status[39m [90m{}[39m
[38;5;86m[HTTP][0m [37m<-- GET /wd/hub/status [39m[32m200[39m [90m52 ms - 111[39m [90m[39m
[38;5;86m[HTTP][0m [37m-->[39m [37mGET[39m [37m/wd/hub/status[39m [90m{}[39m
[38;5;86m[HTTP][0m [37m<-- GET /wd/hub/status [39m[32m200[39m [90m1 ms - 111[39m [90m[39m
[38;5;86m[HTTP][0m [37m-->[39m [37mPOST[39m [37m/wd/hub/session[39m [90m{"capabilities":{"firstMatch":[{"appium:app":"C:\\eduwork\\katalon\\EduApp\\mobileapp\\Calculator_v8.1 (403424005)_apkpure.com.apk","appium:autoGrantPermissions":true,"appium:automationName":"uiautomator2","appium:deviceName":"Xiaomi 23053RN02A (Android 14)","appium:fullReset":false,"appium:newCommandTimeout":1800,"appium:noReset":true,"appium:platformName":"ANDROID","appium:platformVersion":"14","appium:systemPort":60981,"appium:udid":"84d702107d75","platformName":"ANDROID"}]},"desiredCapabilities":{"appium:app":"C:\\eduwork\\katalon\\EduApp\\mobileapp\\Calculator_v8.1 (403424005)_apkpure.com.apk","appium:autoGrantPermissions":true,"appium:automationName":"uiautomator2","appium:deviceName":"Xiaomi 23053RN02A (Android 14)","appium:fullReset":false,"appium:newCommandTimeout":1800,"appium:noReset":true,"appium:platformName":"ANDROID","appium:platformVersion":"14","appium:systemPort":60981,"appium:udid":"84d702107d75"}}[39m
[38;5;123m[BaseDriver][0m Ignoring capability 'appium:platformName=ANDROID' and using capability 'platformName=ANDROID'
[38;5;123m[BaseDriver][0m The capabilities ["platformName"] are standard capabilities and do not require "appium:" prefix
[38;5;112m[Appium][0m Attempting to find matching driver for automationName 'uiautomator2' and platformName 'ANDROID'
[38;5;112m[Appium][0m The 'uiautomator2' driver was installed and matched caps.
[38;5;112m[Appium][0m Will require it at C:\Users\ASUS\.appium\node_modules\appium-uiautomator2-driver
[38;5;30m[AppiumDriver@b8f2][0m Appium v2.13.1 creating new AndroidUiautomator2Driver (v3.9.6) session
[38;5;30m[AppiumDriver@b8f2][0m Checking BaseDriver versions for Appium and AndroidUiautomator2Driver
[38;5;30m[AppiumDriver@b8f2][0m Appium's BaseDriver version is 9.13.1
[38;5;30m[AppiumDriver@b8f2][0m AndroidUiautomator2Driver's BaseDriver version is 9.13.1
[38;5;64m[b681420e][0m[38;5;-7m[AndroidUiautomator2Driver@7b1f][0m Session created with session id: b681420e-49ae-4a60-a008-5492bebe7a8c
[38;5;64m[b681420e][0m[38;5;229m[ADB][0m Found 2 'build-tools' folders under 'C:\Users\ASUS\AppData\Local\Android\Sdk' (newest first):
[38;5;64m[b681420e][0m[38;5;229m[ADB][0m     C:\Users\ASUS\AppData\Local\Android\Sdk\build-tools\35.0.0
[38;5;64m[b681420e][0m[38;5;229m[ADB][0m     C:\Users\ASUS\AppData\Local\Android\Sdk\build-tools\34.0.0
[38;5;64m[b681420e][0m[38;5;229m[ADB][0m Using 'adb.exe' from 'C:\Users\ASUS\AppData\Local\Android\Sdk\platform-tools\adb.exe'
[38;5;64m[b681420e][0m[38;5;-7m[AndroidUiautomator2Driver@7b1f][0m Retrieving device list
[38;5;64m[b681420e][0m[38;5;-7m[AndroidUiautomator2Driver@7b1f][0m Using device: 84d702107d75
[38;5;64m[b681420e][0m[38;5;229m[ADB][0m Using 'adb.exe' from 'C:\Users\ASUS\AppData\Local\Android\Sdk\platform-tools\adb.exe'
[38;5;64m[b681420e][0m[38;5;123m[BaseDriver][0m Using local app 'C:\eduwork\katalon\EduApp\mobileapp\Calculator_v8.1 (403424005)_apkpure.com.apk'
[38;5;64m[b681420e][0m[38;5;229m[ADB][0m Getting device platform version
[38;5;64m[b681420e][0m[38;5;-7m[AndroidUiautomator2Driver@7b1f][0m Relaxing hidden api policy
[38;5;64m[b681420e][0m[38;5;229m[ADB][0m Using 'aapt2.exe' from 'C:\Users\ASUS\AppData\Local\Android\Sdk\build-tools\35.0.0\aapt2.exe'
[38;5;64m[b681420e][0m[38;5;229m[ADB][0m Package name: 'com.google.android.calculator'
[38;5;64m[b681420e][0m[38;5;229m[ADB][0m Main activity name: 'com.android.calculator2.Calculator'
[38;5;64m[b681420e][0m[38;5;229m[ADB][0m Using 'apksigner.jar' from 'C:\Users\ASUS\AppData\Local\Android\Sdk\build-tools\35.0.0\lib\apksigner.jar'
[38;5;64m[b681420e][0m[38;5;229m[ADB][0m 'C:\eduwork\katalon\EduApp\mobileapp\Calculator_v8.1 (403424005)_apkpure.com.apk' is signed with a non-default certificate
[38;5;64m[b681420e][0m[38;5;229m[ADB][0m The application at 'C:\eduwork\katalon\EduApp\mobileapp\Calculator_v8.1 (403424005)_apkpure.com.apk' will not be cached, because the device under test has confirmed the support of streamed installs
[38;5;64m[b681420e][0m[38;5;229m[ADB][0m The installation of 'Calculator_v8.1 (403424005)_apkpure.com.apk' took 6162ms
[38;5;64m[b681420e][0m[38;5;-7m[AndroidUiautomator2Driver@7b1f][0m Server packages are not going to be (re)installed
[38;5;64m[b681420e][0m[38;5;229m[ADB][0m Adding packages ["io.appium.settings","io.appium.uiautomator2.server","io.appium.uiautomator2.server.test"] to Doze whitelist
[38;5;64m[b681420e][0m[38;5;-7m[AndroidUiautomator2Driver@7b1f][0m Starting UIAutomator2 server 7.1.8
[38;5;64m[b681420e][0m[38;5;-7m[AndroidUiautomator2Driver@7b1f][0m Using UIAutomator2 server from 'C:\Users\ASUS\.appium\node_modules\appium-uiautomator2-driver\node_modules\appium-uiautomator2-server\apks\appium-uiautomator2-server-v7.1.8.apk' and test from 'C:\Users\ASUS\.appium\node_modules\appium-uiautomator2-driver\node_modules\appium-uiautomator2-server\apks\appium-uiautomator2-server-debug-androidTest.apk'
[38;5;64m[b681420e][0m[38;5;-7m[AndroidUiautomator2Driver@7b1f][0m Waiting up to 30000ms for UiAutomator2 to be online...
[38;5;64m[b681420e][0m[38;5;-7m[AndroidUiautomator2Driver@7b1f][0m socket hang up
[38;5;64m[b681420e][0m[38;5;-7m[AndroidUiautomator2Driver@7b1f][0m socket hang up
[38;5;64m[b681420e][0m[38;5;-7m[AndroidUiautomator2Driver@7b1f][0m socket hang up
[38;5;64m[b681420e][0m[38;5;-7m[AndroidUiautomator2Driver@7b1f][0m socket hang up
[38;5;64m[b681420e][0m[38;5;-7m[AndroidUiautomator2Driver@7b1f][0m socket hang up
[38;5;64m[b681420e][0m[38;5;-7m[AndroidUiautomator2Driver@7b1f][0m Determined the downstream protocol as 'W3C'
[38;5;64m[b681420e][0m[38;5;-7m[AndroidUiautomator2Driver@7b1f][0m Screen already unlocked, doing nothing
[38;5;64m[b681420e][0m[38;5;-7m[AndroidUiautomator2Driver@7b1f][0m Starting 'com.google.android.calculator/com.android.calculator2.Calculator and waiting for 'com.google.android.calculator/com.android.calculator2.Calculator'
[38;5;64m[b681420e][0m[38;5;30m[AppiumDriver@b8f2][0m New AndroidUiautomator2Driver session created successfully, session b681420e-49ae-4a60-a008-5492bebe7a8c added to master session list
[38;5;64m[b681420e][0m[38;5;86m[HTTP][0m [37m<-- POST /wd/hub/session [39m[32m200[39m [90m29193 ms - 1320[39m [90m[39m
[38;5;86m[HTTP][0m [37m-->[39m [37mGET[39m [37m/wd/hub/status[39m [90m{}[39m
[38;5;86m[HTTP][0m [37m<-- GET /wd/hub/status [39m[32m200[39m [90m3 ms - 111[39m [90m[39m
[38;5;64m[b681420e][0m[38;5;86m[HTTP][0m [37m-->[39m [37mPOST[39m [37m/wd/hub/session/b681420e-49ae-4a60-a008-5492bebe7a8c/timeouts[39m [90m{"implicit":60000}[39m
[38;5;64m[b681420e][0m[38;5;86m[HTTP][0m [37m<-- POST /wd/hub/session/b681420e-49ae-4a60-a008-5492bebe7a8c/timeouts [39m[32m200[39m [90m4 ms - 14[39m [90m[39m
[38;5;64m[b681420e][0m[38;5;86m[HTTP][0m [37m-->[39m [37mGET[39m [37m/wd/hub/session/b681420e-49ae-4a60-a008-5492bebe7a8c/source[39m [90m{}[39m
[38;5;64m[b681420e][0m[38;5;-7m[AndroidUiautomator2Driver@7b1f][0m Driver proxy active, passing request on via HTTP proxy
[38;5;64m[b681420e][0m[38;5;-7m[AndroidUiautomator2Driver@7b1f][0m Replacing sessionId 4e703817-7d00-4c24-9173-da2af0e58a96 with b681420e-49ae-4a60-a008-5492bebe7a8c
[38;5;64m[b681420e][0m[38;5;86m[HTTP][0m [37m<-- GET /wd/hub/session/b681420e-49ae-4a60-a008-5492bebe7a8c/source [39m[32m200[39m [90m835 ms - 19692[39m [90m[39m
[38;5;64m[b681420e][0m[38;5;86m[HTTP][0m [37m-->[39m [37mGET[39m [37m/wd/hub/session/b681420e-49ae-4a60-a008-5492bebe7a8c/screenshot[39m [90m{}[39m
[38;5;64m[b681420e][0m[38;5;86m[HTTP][0m [37m<-- GET /wd/hub/session/b681420e-49ae-4a60-a008-5492bebe7a8c/screenshot [39m[32m200[39m [90m1229 ms - 187064[39m [90m[39m
[38;5;64m[b681420e][0m[38;5;86m[HTTP][0m [37m-->[39m [37mGET[39m [37m/wd/hub/session/b681420e-49ae-4a60-a008-5492bebe7a8c/source[39m [90m{}[39m
[38;5;64m[b681420e][0m[38;5;-7m[AndroidUiautomator2Driver@7b1f][0m Driver proxy active, passing request on via HTTP proxy
[38;5;64m[b681420e][0m[38;5;-7m[AndroidUiautomator2Driver@7b1f][0m Replacing sessionId 4e703817-7d00-4c24-9173-da2af0e58a96 with b681420e-49ae-4a60-a008-5492bebe7a8c
[38;5;64m[b681420e][0m[38;5;86m[HTTP][0m [37m<-- GET /wd/hub/session/b681420e-49ae-4a60-a008-5492bebe7a8c/source [39m[32m200[39m [90m509 ms - 19665[39m [90m[39m
[38;5;64m[b681420e][0m[38;5;86m[HTTP][0m [37m-->[39m [37mGET[39m [37m/wd/hub/session/b681420e-49ae-4a60-a008-5492bebe7a8c/screenshot[39m [90m{}[39m
[38;5;64m[b681420e][0m[38;5;86m[HTTP][0m [37m<-- GET /wd/hub/session/b681420e-49ae-4a60-a008-5492bebe7a8c/screenshot [39m[32m200[39m [90m944 ms - 184436[39m [90m[39m
[38;5;64m[b681420e][0m[38;5;86m[HTTP][0m [37m-->[39m [37mGET[39m [37m/wd/hub/session/b681420e-49ae-4a60-a008-5492bebe7a8c/source[39m [90m{}[39m
[38;5;64m[b681420e][0m[38;5;-7m[AndroidUiautomator2Driver@7b1f][0m Driver proxy active, passing request on via HTTP proxy
[38;5;64m[b681420e][0m[38;5;-7m[AndroidUiautomator2Driver@7b1f][0m Replacing sessionId 4e703817-7d00-4c24-9173-da2af0e58a96 with b681420e-49ae-4a60-a008-5492bebe7a8c
[38;5;64m[b681420e][0m[38;5;86m[HTTP][0m [37m<-- GET /wd/hub/session/b681420e-49ae-4a60-a008-5492bebe7a8c/source [39m[32m200[39m [90m188 ms - 19666[39m [90m[39m
[38;5;64m[b681420e][0m[38;5;86m[HTTP][0m [37m-->[39m [37mGET[39m [37m/wd/hub/session/b681420e-49ae-4a60-a008-5492bebe7a8c/screenshot[39m [90m{}[39m
[38;5;64m[b681420e][0m[38;5;86m[HTTP][0m [37m<-- GET /wd/hub/session/b681420e-49ae-4a60-a008-5492bebe7a8c/screenshot [39m[32m200[39m [90m1173 ms - 186196[39m [90m[39m
[38;5;64m[b681420e][0m[38;5;86m[HTTP][0m [37m-->[39m [37mGET[39m [37m/wd/hub/session/b681420e-49ae-4a60-a008-5492bebe7a8c/source[39m [90m{}[39m
[38;5;64m[b681420e][0m[38;5;-7m[AndroidUiautomator2Driver@7b1f][0m Driver proxy active, passing request on via HTTP proxy
[38;5;64m[b681420e][0m[38;5;-7m[AndroidUiautomator2Driver@7b1f][0m Replacing sessionId 4e703817-7d00-4c24-9173-da2af0e58a96 with b681420e-49ae-4a60-a008-5492bebe7a8c
[38;5;64m[b681420e][0m[38;5;86m[HTTP][0m [37m<-- GET /wd/hub/session/b681420e-49ae-4a60-a008-5492bebe7a8c/source [39m[32m200[39m [90m400 ms - 19641[39m [90m[39m
[38;5;64m[b681420e][0m[38;5;86m[HTTP][0m [37m-->[39m [37mGET[39m [37m/wd/hub/session/b681420e-49ae-4a60-a008-5492bebe7a8c/screenshot[39m [90m{}[39m
[38;5;64m[b681420e][0m[38;5;86m[HTTP][0m [37m<-- GET /wd/hub/session/b681420e-49ae-4a60-a008-5492bebe7a8c/screenshot [39m[32m200[39m [90m901 ms - 201836[39m [90m[39m
[38;5;64m[b681420e][0m[38;5;86m[HTTP][0m [37m-->[39m [37mGET[39m [37m/wd/hub/session/b681420e-49ae-4a60-a008-5492bebe7a8c/source[39m [90m{}[39m
[38;5;64m[b681420e][0m[38;5;-7m[AndroidUiautomator2Driver@7b1f][0m Driver proxy active, passing request on via HTTP proxy
[38;5;64m[b681420e][0m[38;5;-7m[AndroidUiautomator2Driver@7b1f][0m Replacing sessionId 4e703817-7d00-4c24-9173-da2af0e58a96 with b681420e-49ae-4a60-a008-5492bebe7a8c
[38;5;64m[b681420e][0m[38;5;86m[HTTP][0m [37m<-- GET /wd/hub/session/b681420e-49ae-4a60-a008-5492bebe7a8c/source [39m[32m200[39m [90m519 ms - 18599[39m [90m[39m
[38;5;64m[b681420e][0m[38;5;86m[HTTP][0m [37m-->[39m [37mGET[39m [37m/wd/hub/session/b681420e-49ae-4a60-a008-5492bebe7a8c/screenshot[39m [90m{}[39m
[38;5;64m[b681420e][0m[38;5;86m[HTTP][0m [37m<-- GET /wd/hub/session/b681420e-49ae-4a60-a008-5492bebe7a8c/screenshot [39m[32m200[39m [90m882 ms - 190516[39m [90m[39m
[38;5;64m[b681420e][0m[38;5;86m[HTTP][0m [37m-->[39m [37mGET[39m [37m/wd/hub/session/b681420e-49ae-4a60-a008-5492bebe7a8c/source[39m [90m{}[39m
[38;5;64m[b681420e][0m[38;5;-7m[AndroidUiautomator2Driver@7b1f][0m Driver proxy active, passing request on via HTTP proxy
[38;5;64m[b681420e][0m[38;5;-7m[AndroidUiautomator2Driver@7b1f][0m Replacing sessionId 4e703817-7d00-4c24-9173-da2af0e58a96 with b681420e-49ae-4a60-a008-5492bebe7a8c
[38;5;64m[b681420e][0m[38;5;86m[HTTP][0m [37m<-- GET /wd/hub/session/b681420e-49ae-4a60-a008-5492bebe7a8c/source [39m[32m200[39m [90m279 ms - 19692[39m [90m[39m
[38;5;64m[b681420e][0m[38;5;86m[HTTP][0m [37m-->[39m [37mGET[39m [37m/wd/hub/session/b681420e-49ae-4a60-a008-5492bebe7a8c/screenshot[39m [90m{}[39m
[38;5;64m[b681420e][0m[38;5;86m[HTTP][0m [37m<-- GET /wd/hub/session/b681420e-49ae-4a60-a008-5492bebe7a8c/screenshot [39m[32m200[39m [90m863 ms - 180284[39m [90m[39m
[38;5;64m[b681420e][0m[38;5;86m[HTTP][0m [37m-->[39m [37mDELETE[39m [37m/wd/hub/session/b681420e-49ae-4a60-a008-5492bebe7a8c[39m [90m{}[39m
[38;5;64m[b681420e][0m[38;5;30m[AppiumDriver@b8f2][0m Removing session b681420e-49ae-4a60-a008-5492bebe7a8c from our master session list
[38;5;64m[b681420e][0m[38;5;-7m[AndroidUiautomator2Driver@7b1f][0m Restoring hidden api policy to the device default configuration
[38;5;64m[b681420e][0m[38;5;86m[HTTP][0m [37m<-- DELETE /wd/hub/session/b681420e-49ae-4a60-a008-5492bebe7a8c [39m[32m200[39m [90m377 ms - 14[39m [90m[39m
